<?xml version="1.0" encoding="UTF-8"?>
<testng-results ignored="0" total="3" passed="3" failed="0" skipped="0">
  <reporter-output>
  </reporter-output>
  <suite started-at="2022-11-25T09:29:07 IST" name="Suite" finished-at="2022-11-25T09:29:07 IST" duration-ms="96">
    <groups>
    </groups>
    <test started-at="2022-11-25T09:29:07 IST" name="Test" finished-at="2022-11-25T09:29:07 IST" duration-ms="96">
      <class name="Test.upsidedowntriangle">
        <test-method signature="main()[pri:0, instance:Test.upsidedowntriangle@353d0772]" started-at="2022-11-25T09:29:07 IST" name="main" finished-at="2022-11-25T09:29:07 IST" duration-ms="21" status="PASS">
          <reporter-output>
          </reporter-output>
        </test-method> <!-- main -->
      </class> <!-- Test.upsidedowntriangle -->
      <class name="Test.rightangletraingle">
        <test-method signature="main()[pri:0, instance:Test.rightangletraingle@17046283]" started-at="2022-11-25T09:29:07 IST" name="main" finished-at="2022-11-25T09:29:07 IST" duration-ms="19" status="PASS">
          <reporter-output>
          </reporter-output>
        </test-method> <!-- main -->
      </class> <!-- Test.rightangletraingle -->
      <class name="Test.regulartriangle">
        <test-method signature="main()[pri:0, instance:Test.regulartriangle@2667f029]" started-at="2022-11-25T09:29:07 IST" name="main" finished-at="2022-11-25T09:29:07 IST" duration-ms="21" status="PASS">
          <reporter-output>
          </reporter-output>
        </test-method> <!-- main -->
      </class> <!-- Test.regulartriangle -->
    </test> <!-- Test -->
  </suite> <!-- Suite -->
</testng-results>
